2024-03-29 09:42:11 - INFO - 爬虫已启动，等待23:30运行
2024-03-29 23:30:25 - INFO - 2024-03-28的房价为：5438
Traceback (most recent call last):
  File "/home/cc/magnifier/spider/xinyi_houseprice/spider_xy.py", line 51, in <module>
    schedule.run_pending()
  File "/home/cc/miniconda3/envs/magnifier/lib/python3.9/site-packages/schedule/__init__.py", line 822, in run_pending
    default_scheduler.run_pending()
  File "/home/cc/miniconda3/envs/magnifier/lib/python3.9/site-packages/schedule/__init__.py", line 100, in run_pending
    self._run_job(job)
  File "/home/cc/miniconda3/envs/magnifier/lib/python3.9/site-packages/schedule/__init__.py", line 172, in _run_job
    ret = job.run()
  File "/home/cc/miniconda3/envs/magnifier/lib/python3.9/site-packages/schedule/__init__.py", line 693, in run
    ret = self.job_func()
  File "/home/cc/magnifier/spider/xinyi_houseprice/spider_xy.py", line 38, in insert_db
    cursor.execute(sql)
  File "/home/cc/miniconda3/envs/magnifier/lib/python3.9/site-packages/pymysql/cursors.py", line 153, in execute
    result = self._query(query)
  File "/home/cc/miniconda3/envs/magnifier/lib/python3.9/site-packages/pymysql/cursors.py", line 322, in _query
    conn.query(q)
  File "/home/cc/miniconda3/envs/magnifier/lib/python3.9/site-packages/pymysql/connections.py", line 558, in query
    self._affected_rows = self._read_query_result(unbuffered=unbuffered)
  File "/home/cc/miniconda3/envs/magnifier/lib/python3.9/site-packages/pymysql/connections.py", line 822, in _read_query_result
    result.read()
  File "/home/cc/miniconda3/envs/magnifier/lib/python3.9/site-packages/pymysql/connections.py", line 1200, in read
    first_packet = self.connection._read_packet()
  File "/home/cc/miniconda3/envs/magnifier/lib/python3.9/site-packages/pymysql/connections.py", line 772, in _read_packet
    packet.raise_for_error()
  File "/home/cc/miniconda3/envs/magnifier/lib/python3.9/site-packages/pymysql/protocol.py", line 221, in raise_for_error
    err.raise_mysql_exception(self._data)
  File "/home/cc/miniconda3/envs/magnifier/lib/python3.9/site-packages/pymysql/err.py", line 143, in raise_mysql_exception
    raise errorclass(errno, errval)
pymysql.err.IntegrityError: (1062, "Duplicate entry '2024-03-28' for key 'PRIMARY'")
2024-04-02 11:07:04 - INFO - 爬虫已启动，等待23:30运行
2024-04-02 11:07:09 - INFO - 爬虫已启动，等待23:30运行
2024-04-02 23:30:13 - INFO - 2024-04-01的房价为：5406
Traceback (most recent call last):
  File "/home/cc/magnifier/spider/xinyi_houseprice/spider_xy.py", line 51, in <module>
    schedule.run_pending()
  File "/home/cc/miniconda3/envs/magnifier/lib/python3.9/site-packages/schedule/__init__.py", line 822, in run_pending
    default_scheduler.run_pending()
  File "/home/cc/miniconda3/envs/magnifier/lib/python3.9/site-packages/schedule/__init__.py", line 100, in run_pending
    self._run_job(job)
  File "/home/cc/miniconda3/envs/magnifier/lib/python3.9/site-packages/schedule/__init__.py", line 172, in _run_job
    ret = job.run()
  File "/home/cc/miniconda3/envs/magnifier/lib/python3.9/site-packages/schedule/__init__.py", line 693, in run
    ret = self.job_func()
  File "/home/cc/magnifier/spider/xinyi_houseprice/spider_xy.py", line 38, in insert_db
    cursor.execute(sql)
  File "/home/cc/miniconda3/envs/magnifier/lib/python3.9/site-packages/pymysql/cursors.py", line 153, in execute
    result = self._query(query)
  File "/home/cc/miniconda3/envs/magnifier/lib/python3.9/site-packages/pymysql/cursors.py", line 322, in _query
    conn.query(q)
  File "/home/cc/miniconda3/envs/magnifier/lib/python3.9/site-packages/pymysql/connections.py", line 558, in query
    self._affected_rows = self._read_query_result(unbuffered=unbuffered)
  File "/home/cc/miniconda3/envs/magnifier/lib/python3.9/site-packages/pymysql/connections.py", line 822, in _read_query_result
    result.read()
  File "/home/cc/miniconda3/envs/magnifier/lib/python3.9/site-packages/pymysql/connections.py", line 1200, in read
    first_packet = self.connection._read_packet()
  File "/home/cc/miniconda3/envs/magnifier/lib/python3.9/site-packages/pymysql/connections.py", line 772, in _read_packet
    packet.raise_for_error()
  File "/home/cc/miniconda3/envs/magnifier/lib/python3.9/site-packages/pymysql/protocol.py", line 221, in raise_for_error
    err.raise_mysql_exception(self._data)
  File "/home/cc/miniconda3/envs/magnifier/lib/python3.9/site-packages/pymysql/err.py", line 143, in raise_mysql_exception
    raise errorclass(errno, errval)
pymysql.err.IntegrityError: (1062, "Duplicate entry '2024-04-01' for key 'PRIMARY'")
2024-05-01 00:13:26 - INFO - 爬虫已启动，等待23:30运行
2024-05-01 00:13:40 - INFO - 爬虫已启动，等待23:30运行
2024-05-01 23:30:40 - INFO - 2024-04-30的房价为：5071
2024-05-01 23:30:40 - INFO - 已将2024-04-30,5071成功写入数据库!
2024-05-02 23:30:44 - INFO - 2024-05-01的房价为：4903
2024-05-02 23:30:44 - INFO - 已将2024-05-01,4903成功写入数据库!
2024-05-03 23:30:48 - INFO - 2024-05-02的房价为：4897
2024-05-03 23:30:48 - INFO - 已将2024-05-02,4897成功写入数据库!
2024-05-04 23:30:52 - INFO - 2024-05-03的房价为：4892
2024-05-04 23:30:52 - INFO - 已将2024-05-03,4892成功写入数据库!
2024-05-05 23:30:55 - INFO - 2024-05-04的房价为：4895
2024-05-05 23:30:55 - INFO - 已将2024-05-04,4895成功写入数据库!
2024-05-06 23:30:57 - INFO - 2024-05-05的房价为：4892
2024-05-06 23:30:57 - INFO - 已将2024-05-05,4892成功写入数据库!
2024-05-07 23:30:00 - INFO - 2024-05-06的房价为：4910
2024-05-07 23:30:00 - INFO - 已将2024-05-06,4910成功写入数据库!
2024-05-08 23:30:03 - INFO - 2024-05-07的房价为：4928
2024-05-08 23:30:03 - INFO - 已将2024-05-07,4928成功写入数据库!
2024-05-09 23:30:06 - INFO - 2024-05-08的房价为：4947
2024-05-09 23:30:06 - INFO - 已将2024-05-08,4947成功写入数据库!
2024-05-10 23:30:11 - INFO - 2024-05-09的房价为：4965
2024-05-10 23:30:11 - INFO - 已将2024-05-09,4965成功写入数据库!
2024-05-11 23:30:17 - INFO - 2024-05-10的房价为：4984
2024-05-11 23:30:17 - INFO - 已将2024-05-10,4984成功写入数据库!
2024-05-12 23:30:21 - INFO - 2024-05-11的房价为：5002
2024-05-12 23:30:21 - INFO - 已将2024-05-11,5002成功写入数据库!
2024-05-13 23:30:25 - INFO - 2024-05-12的房价为：5021
2024-05-13 23:30:25 - INFO - 已将2024-05-12,5021成功写入数据库!
2024-05-14 23:30:28 - INFO - 2024-05-13的房价为：5021
2024-05-14 23:30:28 - INFO - 已将2024-05-13,5021成功写入数据库!
2024-05-15 23:30:31 - INFO - 2024-05-14的房价为：5022
2024-05-15 23:30:31 - INFO - 已将2024-05-14,5022成功写入数据库!
2024-05-16 23:30:34 - INFO - 2024-05-15的房价为：5019
2024-05-16 23:30:34 - INFO - 已将2024-05-15,5019成功写入数据库!
2024-05-17 23:30:35 - INFO - 2024-05-16的房价为：5020
2024-05-17 23:30:35 - INFO - 已将2024-05-16,5020成功写入数据库!
2024-05-18 23:30:48 - INFO - 2024-05-17的房价为：5021
2024-05-18 23:30:48 - INFO - 已将2024-05-17,5021成功写入数据库!
2024-05-19 23:30:05 - INFO - 2024-05-18的房价为：5048
2024-05-19 23:30:05 - INFO - 已将2024-05-18,5048成功写入数据库!
2024-05-20 23:30:22 - INFO - 2024-05-19的房价为：5074
2024-05-20 23:30:23 - INFO - 已将2024-05-19,5074成功写入数据库!
2024-05-21 23:30:40 - INFO - 2024-05-20的房价为：5095
2024-05-21 23:30:40 - INFO - 已将2024-05-20,5095成功写入数据库!
2024-05-22 23:30:57 - INFO - 2024-05-21的房价为：5096
2024-05-22 23:30:57 - INFO - 已将2024-05-21,5096成功写入数据库!
2024-05-23 23:30:15 - INFO - 2024-05-22的房价为：5118
2024-05-23 23:30:15 - INFO - 已将2024-05-22,5118成功写入数据库!
2024-05-24 23:30:32 - INFO - 2024-05-23的房价为：5118
2024-05-24 23:30:32 - INFO - 已将2024-05-23,5118成功写入数据库!
2024-05-25 23:30:44 - INFO - 2024-05-24的房价为：5119
2024-05-25 23:30:44 - INFO - 已将2024-05-24,5119成功写入数据库!
2024-05-26 23:30:55 - INFO - 2024-05-25的房价为：5120
2024-05-26 23:30:55 - INFO - 已将2024-05-25,5120成功写入数据库!
